2025-12-06 19:17:19 INFO  [main] c.s.u.UserServiceApplication - Starting UserServiceApplication using Java 17.0.10 with PID 12552 (C:\Users\HP\git\SmartCreditManagementSystem\user-service\user-service\target\classes started by HP in C:\Users\HP\git\SmartCreditManagementSystem\user-service\user-service)
2025-12-06 19:17:19 INFO  [main] c.s.u.UserServiceApplication - No active profile set, falling back to 1 default profile: "default"
2025-12-06 19:17:22 INFO  [main] o.s.d.r.c.RepositoryConfigurationDelegate - Bootstrapping Spring Data JPA repositories in DEFAULT mode.
2025-12-06 19:17:23 INFO  [main] o.s.d.r.c.RepositoryConfigurationDelegate - Finished Spring Data repository scanning in 360 ms. Found 1 JPA repository interface.
2025-12-06 19:17:23 INFO  [main] o.s.cloud.context.scope.GenericScope - BeanFactory id=f2ac521a-2960-3ae5-85a0-c7420502d7b7
2025-12-06 19:17:24 INFO  [main] o.s.b.w.e.tomcat.TomcatWebServer - Tomcat initialized with port 8082 (http)
2025-12-06 19:17:24 INFO  [main] o.a.coyote.http11.Http11NioProtocol - Initializing ProtocolHandler ["http-nio-8082"]
2025-12-06 19:17:24 INFO  [main] o.a.catalina.core.StandardService - Starting service [Tomcat]
2025-12-06 19:17:24 INFO  [main] o.a.catalina.core.StandardEngine - Starting Servlet engine: [Apache Tomcat/10.1.48]
2025-12-06 19:17:24 INFO  [main] o.a.c.c.C.[Tomcat].[localhost].[/] - Initializing Spring embedded WebApplicationContext
2025-12-06 19:17:24 INFO  [main] o.s.b.w.s.c.ServletWebServerApplicationContext - Root WebApplicationContext: initialization completed in 4856 ms
2025-12-06 19:17:26 INFO  [main] com.zaxxer.hikari.HikariDataSource - HikariPool-1 - Starting...
2025-12-06 19:17:26 INFO  [main] com.zaxxer.hikari.pool.HikariPool - HikariPool-1 - Added connection conn0: url=jdbc:h2:mem:creditdb user=AHAMED
2025-12-06 19:17:26 INFO  [main] com.zaxxer.hikari.HikariDataSource - HikariPool-1 - Start completed.
2025-12-06 19:17:27 INFO  [main] o.h.jpa.internal.util.LogHelper - HHH000204: Processing PersistenceUnitInfo [name: default]
2025-12-06 19:17:27 INFO  [main] org.hibernate.Version - HHH000412: Hibernate ORM core version 6.6.33.Final
2025-12-06 19:17:27 INFO  [main] o.h.c.i.RegionFactoryInitiator - HHH000026: Second-level cache disabled
2025-12-06 19:17:28 INFO  [main] o.s.o.j.p.SpringPersistenceUnitInfo - No LoadTimeWeaver setup: ignoring JPA class transformer
2025-12-06 19:17:28 WARN  [main] org.hibernate.orm.deprecation - HHH90000025: H2Dialect does not need to be specified explicitly using 'hibernate.dialect' (remove the property setting and it will be selected by default)
2025-12-06 19:17:28 INFO  [main] o.hibernate.orm.connections.pooling - HHH10001005: Database info:
	Database JDBC URL [Connecting through datasource 'HikariDataSource (HikariPool-1)']
	Database driver: undefined/unknown
	Database version: 2.3.232
	Autocommit mode: undefined/unknown
	Isolation level: undefined/unknown
	Minimum pool size: undefined/unknown
	Maximum pool size: undefined/unknown
2025-12-06 19:17:30 INFO  [main] o.h.e.t.j.p.i.JtaPlatformInitiator - HHH000489: No JTA platform available (set 'hibernate.transaction.jta.platform' to enable JTA platform integration)
2025-12-06 19:17:30 INFO  [main] o.s.o.j.LocalContainerEntityManagerFactoryBean - Initialized JPA EntityManagerFactory for persistence unit 'default'
2025-12-06 19:17:31 WARN  [main] o.s.b.a.o.j.JpaBaseConfiguration$JpaWebConfiguration - spring.jpa.open-in-view is enabled by default. Therefore, database queries may be performed during view rendering. Explicitly configure spring.jpa.open-in-view to disable this warning
2025-12-06 19:17:33 INFO  [main] o.s.b.a.h.H2ConsoleAutoConfiguration - H2 console available at '/h2-console'. Database available at 'jdbc:h2:mem:creditdb'
2025-12-06 19:17:33 INFO  [main] o.s.c.n.e.c.DiscoveryClientOptionalArgsConfiguration - Eureka HTTP Client uses RestTemplate.
2025-12-06 19:17:33 WARN  [main] o.s.c.l.c.LoadBalancerCacheAutoConfiguration$LoadBalancerCaffeineWarnLogger - Spring Cloud LoadBalancer is currently working with the default cache. While this cache implementation is useful for development and tests, it's recommended to use Caffeine cache in production.You can switch to using Caffeine cache, by adding it and org.springframework.cache.caffeine.CaffeineCacheManager to the classpath.
2025-12-06 19:17:33 INFO  [main] o.s.b.a.e.web.EndpointLinksResolver - Exposing 16 endpoints beneath base path '/actuator'
2025-12-06 19:17:34 INFO  [main] o.s.c.n.eureka.InstanceInfoFactory - Setting initial instance status as: STARTING
2025-12-06 19:17:34 INFO  [main] c.netflix.discovery.DiscoveryClient - Initializing Eureka in region us-east-1
2025-12-06 19:17:34 INFO  [main] c.n.d.s.r.aws.ConfigClusterResolver - Resolving eureka endpoints via configuration
2025-12-06 19:17:34 INFO  [main] c.netflix.discovery.DiscoveryClient - Disable delta property : false
2025-12-06 19:17:34 INFO  [main] c.netflix.discovery.DiscoveryClient - Single vip registry refresh property : null
2025-12-06 19:17:34 INFO  [main] c.netflix.discovery.DiscoveryClient - Force full registry fetch : false
2025-12-06 19:17:34 INFO  [main] c.netflix.discovery.DiscoveryClient - Application is null : false
2025-12-06 19:17:34 INFO  [main] c.netflix.discovery.DiscoveryClient - Registered Applications size is zero : true
2025-12-06 19:17:34 INFO  [main] c.netflix.discovery.DiscoveryClient - Application version is -1: true
2025-12-06 19:17:34 INFO  [main] c.netflix.discovery.DiscoveryClient - Getting all instance registry info from the eureka server
2025-12-06 19:17:35 INFO  [main] c.netflix.discovery.DiscoveryClient - The response status is 200
2025-12-06 19:17:35 INFO  [main] c.netflix.discovery.DiscoveryClient - Starting heartbeat executor: renew interval is: 30
2025-12-06 19:17:35 INFO  [main] c.n.discovery.InstanceInfoReplicator - InstanceInfoReplicator onDemand update allowed rate per min is 4
2025-12-06 19:17:35 INFO  [main] c.netflix.discovery.DiscoveryClient - Discovery Client initialized at timestamp 1765028855310 with initial instances count: 2
2025-12-06 19:17:35 INFO  [main] o.s.c.n.e.s.EurekaServiceRegistry - Registering application USER-SERVICE with eureka with status UP
2025-12-06 19:17:35 INFO  [main] c.netflix.discovery.DiscoveryClient - Saw local status change event StatusChangeEvent [timestamp=1765028855322, current=UP, previous=STARTING]
2025-12-06 19:17:35 INFO  [main] o.a.coyote.http11.Http11NioProtocol - Starting ProtocolHandler ["http-nio-8082"]
2025-12-06 19:17:35 INFO  [DiscoveryClient-InstanceInfoReplicator-%d] c.netflix.discovery.DiscoveryClient - DiscoveryClient_USER-SERVICE/DESKTOP-VLKOST6:user-service:8082: registering service...
2025-12-06 19:17:35 INFO  [main] o.s.b.w.e.tomcat.TomcatWebServer - Tomcat started on port 8082 (http) with context path '/'
2025-12-06 19:17:35 INFO  [main] o.s.c.n.e.s.EurekaAutoServiceRegistration - Updating port to 8082
2025-12-06 19:17:35 INFO  [DiscoveryClient-InstanceInfoReplicator-%d] c.netflix.discovery.DiscoveryClient - DiscoveryClient_USER-SERVICE/DESKTOP-VLKOST6:user-service:8082 - registration status: 204
2025-12-06 19:17:35 INFO  [main] c.s.u.UserServiceApplication - Started UserServiceApplication in 18.014 seconds (process running for 20.663)
2025-12-06 19:17:36 INFO  [RMI TCP Connection(8)-127.0.0.1] o.a.c.c.C.[Tomcat].[localhost].[/] - Initializing Spring DispatcherServlet 'dispatcherServlet'
2025-12-06 19:17:36 INFO  [RMI TCP Connection(8)-127.0.0.1] o.s.web.servlet.DispatcherServlet - Initializing Servlet 'dispatcherServlet'
2025-12-06 19:17:36 INFO  [RMI TCP Connection(8)-127.0.0.1] o.s.web.servlet.DispatcherServlet - Completed initialization in 2 ms
2025-12-06 19:22:34 INFO  [AsyncResolver-bootstrap-executor-%d] c.n.d.s.r.aws.ConfigClusterResolver - Resolving eureka endpoints via configuration
2025-12-06 19:26:11 INFO  [RMI TCP Connection(21)-127.0.0.1] o.s.b.a.SpringApplicationAdminMXBeanRegistrar$SpringApplicationAdmin - Application shutdown requested.
2025-12-06 19:26:11 INFO  [RMI TCP Connection(21)-127.0.0.1] o.s.c.n.e.s.EurekaServiceRegistry - Unregistering application USER-SERVICE with eureka with status DOWN
2025-12-06 19:26:11 INFO  [RMI TCP Connection(21)-127.0.0.1] c.netflix.discovery.DiscoveryClient - Saw local status change event StatusChangeEvent [timestamp=1765029371187, current=DOWN, previous=UP]
2025-12-06 19:26:11 INFO  [DiscoveryClient-InstanceInfoReplicator-%d] c.netflix.discovery.DiscoveryClient - DiscoveryClient_USER-SERVICE/DESKTOP-VLKOST6:user-service:8082: registering service...
2025-12-06 19:26:11 INFO  [RMI TCP Connection(21)-127.0.0.1] o.s.b.w.e.tomcat.GracefulShutdown - Commencing graceful shutdown. Waiting for active requests to complete
2025-12-06 19:26:11 INFO  [tomcat-shutdown] o.a.coyote.http11.Http11NioProtocol - Pausing ProtocolHandler ["http-nio-8082"]
2025-12-06 19:26:11 INFO  [DiscoveryClient-InstanceInfoReplicator-%d] c.netflix.discovery.DiscoveryClient - DiscoveryClient_USER-SERVICE/DESKTOP-VLKOST6:user-service:8082 - registration status: 204
2025-12-06 19:26:11 INFO  [tomcat-shutdown] o.s.b.w.e.tomcat.GracefulShutdown - Graceful shutdown complete
2025-12-06 19:26:11 INFO  [RMI TCP Connection(21)-127.0.0.1] o.a.coyote.http11.Http11NioProtocol - Stopping ProtocolHandler ["http-nio-8082"]
2025-12-06 19:26:11 INFO  [RMI TCP Connection(21)-127.0.0.1] o.s.o.j.LocalContainerEntityManagerFactoryBean - Closing JPA EntityManagerFactory for persistence unit 'default'
2025-12-06 19:26:11 INFO  [RMI TCP Connection(21)-127.0.0.1] com.zaxxer.hikari.HikariDataSource - HikariPool-1 - Shutdown initiated...
2025-12-06 19:26:11 INFO  [RMI TCP Connection(21)-127.0.0.1] com.zaxxer.hikari.HikariDataSource - HikariPool-1 - Shutdown completed.
2025-12-06 19:26:12 INFO  [RMI TCP Connection(21)-127.0.0.1] c.netflix.discovery.DiscoveryClient - Shutting down DiscoveryClient ...
2025-12-06 19:26:15 INFO  [RMI TCP Connection(21)-127.0.0.1] c.netflix.discovery.DiscoveryClient - Unregistering ...
2025-12-06 19:26:15 INFO  [RMI TCP Connection(21)-127.0.0.1] c.netflix.discovery.DiscoveryClient - DiscoveryClient_USER-SERVICE/DESKTOP-VLKOST6:user-service:8082 - deregister  status: 200
2025-12-06 19:26:15 INFO  [RMI TCP Connection(21)-127.0.0.1] c.netflix.discovery.DiscoveryClient - Completed shut down of DiscoveryClient
2025-12-06 19:26:23 INFO  [main] c.s.u.UserServiceApplication - Starting UserServiceApplication using Java 17.0.10 with PID 3956 (C:\Users\HP\git\SmartCreditManagementSystem\user-service\user-service\target\classes started by HP in C:\Users\HP\git\SmartCreditManagementSystem\user-service\user-service)
2025-12-06 19:26:23 INFO  [main] c.s.u.UserServiceApplication - No active profile set, falling back to 1 default profile: "default"
2025-12-06 19:26:26 INFO  [main] o.s.d.r.c.RepositoryConfigurationDelegate - Bootstrapping Spring Data JPA repositories in DEFAULT mode.
2025-12-06 19:26:26 INFO  [main] o.s.d.r.c.RepositoryConfigurationDelegate - Finished Spring Data repository scanning in 374 ms. Found 1 JPA repository interface.
2025-12-06 19:26:27 INFO  [main] o.s.cloud.context.scope.GenericScope - BeanFactory id=f2ac521a-2960-3ae5-85a0-c7420502d7b7
2025-12-06 19:26:27 INFO  [main] o.s.b.w.e.tomcat.TomcatWebServer - Tomcat initialized with port 8082 (http)
2025-12-06 19:26:28 INFO  [main] o.a.coyote.http11.Http11NioProtocol - Initializing ProtocolHandler ["http-nio-8082"]
2025-12-06 19:26:28 INFO  [main] o.a.catalina.core.StandardService - Starting service [Tomcat]
2025-12-06 19:26:28 INFO  [main] o.a.catalina.core.StandardEngine - Starting Servlet engine: [Apache Tomcat/10.1.48]
2025-12-06 19:26:28 INFO  [main] o.a.c.c.C.[Tomcat].[localhost].[/] - Initializing Spring embedded WebApplicationContext
2025-12-06 19:26:28 INFO  [main] o.s.b.w.s.c.ServletWebServerApplicationContext - Root WebApplicationContext: initialization completed in 4892 ms
2025-12-06 19:26:29 INFO  [main] com.zaxxer.hikari.HikariDataSource - HikariPool-1 - Starting...
2025-12-06 19:26:30 INFO  [main] com.zaxxer.hikari.pool.HikariPool - HikariPool-1 - Added connection conn0: url=jdbc:h2:mem:creditdb user=AHAMED
2025-12-06 19:26:30 INFO  [main] com.zaxxer.hikari.HikariDataSource - HikariPool-1 - Start completed.
2025-12-06 19:26:30 INFO  [main] o.h.jpa.internal.util.LogHelper - HHH000204: Processing PersistenceUnitInfo [name: default]
2025-12-06 19:26:30 INFO  [main] org.hibernate.Version - HHH000412: Hibernate ORM core version 6.6.33.Final
2025-12-06 19:26:30 INFO  [main] o.h.c.i.RegionFactoryInitiator - HHH000026: Second-level cache disabled
2025-12-06 19:26:31 INFO  [main] o.s.o.j.p.SpringPersistenceUnitInfo - No LoadTimeWeaver setup: ignoring JPA class transformer
2025-12-06 19:26:31 WARN  [main] org.hibernate.orm.deprecation - HHH90000025: H2Dialect does not need to be specified explicitly using 'hibernate.dialect' (remove the property setting and it will be selected by default)
2025-12-06 19:26:31 INFO  [main] o.hibernate.orm.connections.pooling - HHH10001005: Database info:
	Database JDBC URL [Connecting through datasource 'HikariDataSource (HikariPool-1)']
	Database driver: undefined/unknown
	Database version: 2.3.232
	Autocommit mode: undefined/unknown
	Isolation level: undefined/unknown
	Minimum pool size: undefined/unknown
	Maximum pool size: undefined/unknown
2025-12-06 19:26:34 INFO  [main] o.h.e.t.j.p.i.JtaPlatformInitiator - HHH000489: No JTA platform available (set 'hibernate.transaction.jta.platform' to enable JTA platform integration)
2025-12-06 19:26:34 INFO  [main] o.s.o.j.LocalContainerEntityManagerFactoryBean - Initialized JPA EntityManagerFactory for persistence unit 'default'
2025-12-06 19:26:34 WARN  [main] o.s.b.a.o.j.JpaBaseConfiguration$JpaWebConfiguration - spring.jpa.open-in-view is enabled by default. Therefore, database queries may be performed during view rendering. Explicitly configure spring.jpa.open-in-view to disable this warning
2025-12-06 19:26:37 INFO  [main] o.s.b.a.h.H2ConsoleAutoConfiguration - H2 console available at '/h2-console'. Database available at 'jdbc:h2:mem:creditdb'
2025-12-06 19:26:37 INFO  [main] o.s.c.n.e.c.DiscoveryClientOptionalArgsConfiguration - Eureka HTTP Client uses RestTemplate.
2025-12-06 19:26:37 WARN  [main] o.s.c.l.c.LoadBalancerCacheAutoConfiguration$LoadBalancerCaffeineWarnLogger - Spring Cloud LoadBalancer is currently working with the default cache. While this cache implementation is useful for development and tests, it's recommended to use Caffeine cache in production.You can switch to using Caffeine cache, by adding it and org.springframework.cache.caffeine.CaffeineCacheManager to the classpath.
2025-12-06 19:26:37 INFO  [main] o.s.b.a.e.web.EndpointLinksResolver - Exposing 16 endpoints beneath base path '/actuator'
2025-12-06 19:26:38 INFO  [main] o.s.c.n.eureka.InstanceInfoFactory - Setting initial instance status as: STARTING
2025-12-06 19:26:38 INFO  [main] c.netflix.discovery.DiscoveryClient - Initializing Eureka in region us-east-1
2025-12-06 19:26:38 INFO  [main] c.n.d.s.r.aws.ConfigClusterResolver - Resolving eureka endpoints via configuration
2025-12-06 19:26:38 INFO  [main] c.netflix.discovery.DiscoveryClient - Disable delta property : false
2025-12-06 19:26:38 INFO  [main] c.netflix.discovery.DiscoveryClient - Single vip registry refresh property : null
2025-12-06 19:26:38 INFO  [main] c.netflix.discovery.DiscoveryClient - Force full registry fetch : false
2025-12-06 19:26:38 INFO  [main] c.netflix.discovery.DiscoveryClient - Application is null : false
2025-12-06 19:26:38 INFO  [main] c.netflix.discovery.DiscoveryClient - Registered Applications size is zero : true
2025-12-06 19:26:38 INFO  [main] c.netflix.discovery.DiscoveryClient - Application version is -1: true
2025-12-06 19:26:38 INFO  [main] c.netflix.discovery.DiscoveryClient - Getting all instance registry info from the eureka server
2025-12-06 19:26:39 INFO  [main] c.netflix.discovery.DiscoveryClient - The response status is 200
2025-12-06 19:26:39 INFO  [main] c.netflix.discovery.DiscoveryClient - Starting heartbeat executor: renew interval is: 30
2025-12-06 19:26:39 INFO  [main] c.n.discovery.InstanceInfoReplicator - InstanceInfoReplicator onDemand update allowed rate per min is 4
2025-12-06 19:26:39 INFO  [main] c.netflix.discovery.DiscoveryClient - Discovery Client initialized at timestamp 1765029399223 with initial instances count: 2
2025-12-06 19:26:39 INFO  [main] o.s.c.n.e.s.EurekaServiceRegistry - Registering application USER-SERVICE with eureka with status UP
2025-12-06 19:26:39 INFO  [main] c.netflix.discovery.DiscoveryClient - Saw local status change event StatusChangeEvent [timestamp=1765029399236, current=UP, previous=STARTING]
2025-12-06 19:26:39 INFO  [main] o.a.coyote.http11.Http11NioProtocol - Starting ProtocolHandler ["http-nio-8082"]
2025-12-06 19:26:39 INFO  [DiscoveryClient-InstanceInfoReplicator-%d] c.netflix.discovery.DiscoveryClient - DiscoveryClient_USER-SERVICE/DESKTOP-VLKOST6:user-service:8082: registering service...
2025-12-06 19:26:39 INFO  [main] o.s.b.w.e.tomcat.TomcatWebServer - Tomcat started on port 8082 (http) with context path '/'
2025-12-06 19:26:39 INFO  [main] o.s.c.n.e.s.EurekaAutoServiceRegistration - Updating port to 8082
2025-12-06 19:26:39 INFO  [DiscoveryClient-InstanceInfoReplicator-%d] c.netflix.discovery.DiscoveryClient - DiscoveryClient_USER-SERVICE/DESKTOP-VLKOST6:user-service:8082 - registration status: 204
2025-12-06 19:26:39 INFO  [main] c.s.u.UserServiceApplication - Started UserServiceApplication in 19.079 seconds (process running for 21.412)
2025-12-06 19:26:40 INFO  [RMI TCP Connection(7)-127.0.0.1] o.a.c.c.C.[Tomcat].[localhost].[/] - Initializing Spring DispatcherServlet 'dispatcherServlet'
2025-12-06 19:26:40 INFO  [RMI TCP Connection(7)-127.0.0.1] o.s.web.servlet.DispatcherServlet - Initializing Servlet 'dispatcherServlet'
2025-12-06 19:26:40 INFO  [RMI TCP Connection(7)-127.0.0.1] o.s.web.servlet.DispatcherServlet - Completed initialization in 7 ms
2025-12-06 19:27:16 INFO  [RMI TCP Connection(11)-127.0.0.1] o.s.b.a.SpringApplicationAdminMXBeanRegistrar$SpringApplicationAdmin - Application shutdown requested.
2025-12-06 19:27:16 INFO  [RMI TCP Connection(11)-127.0.0.1] o.s.c.n.e.s.EurekaServiceRegistry - Unregistering application USER-SERVICE with eureka with status DOWN
2025-12-06 19:27:16 INFO  [RMI TCP Connection(11)-127.0.0.1] c.netflix.discovery.DiscoveryClient - Saw local status change event StatusChangeEvent [timestamp=1765029436449, current=DOWN, previous=UP]
2025-12-06 19:27:16 INFO  [DiscoveryClient-InstanceInfoReplicator-%d] c.netflix.discovery.DiscoveryClient - DiscoveryClient_USER-SERVICE/DESKTOP-VLKOST6:user-service:8082: registering service...
2025-12-06 19:27:16 INFO  [RMI TCP Connection(11)-127.0.0.1] o.s.b.w.e.tomcat.GracefulShutdown - Commencing graceful shutdown. Waiting for active requests to complete
2025-12-06 19:27:16 INFO  [tomcat-shutdown] o.a.coyote.http11.Http11NioProtocol - Pausing ProtocolHandler ["http-nio-8082"]
2025-12-06 19:27:16 INFO  [DiscoveryClient-InstanceInfoReplicator-%d] c.netflix.discovery.DiscoveryClient - DiscoveryClient_USER-SERVICE/DESKTOP-VLKOST6:user-service:8082 - registration status: 204
2025-12-06 19:27:16 INFO  [tomcat-shutdown] o.s.b.w.e.tomcat.GracefulShutdown - Graceful shutdown complete
2025-12-06 19:27:16 INFO  [RMI TCP Connection(11)-127.0.0.1] o.a.coyote.http11.Http11NioProtocol - Stopping ProtocolHandler ["http-nio-8082"]
2025-12-06 19:27:16 INFO  [RMI TCP Connection(11)-127.0.0.1] o.s.o.j.LocalContainerEntityManagerFactoryBean - Closing JPA EntityManagerFactory for persistence unit 'default'
2025-12-06 19:27:16 INFO  [RMI TCP Connection(11)-127.0.0.1] com.zaxxer.hikari.HikariDataSource - HikariPool-1 - Shutdown initiated...
2025-12-06 19:27:16 INFO  [RMI TCP Connection(11)-127.0.0.1] com.zaxxer.hikari.HikariDataSource - HikariPool-1 - Shutdown completed.
2025-12-06 19:27:16 INFO  [RMI TCP Connection(11)-127.0.0.1] c.netflix.discovery.DiscoveryClient - Shutting down DiscoveryClient ...
2025-12-06 19:27:19 INFO  [RMI TCP Connection(11)-127.0.0.1] c.netflix.discovery.DiscoveryClient - Unregistering ...
2025-12-06 19:27:19 INFO  [RMI TCP Connection(11)-127.0.0.1] c.netflix.discovery.DiscoveryClient - DiscoveryClient_USER-SERVICE/DESKTOP-VLKOST6:user-service:8082 - deregister  status: 200
2025-12-06 19:27:19 INFO  [RMI TCP Connection(11)-127.0.0.1] c.netflix.discovery.DiscoveryClient - Completed shut down of DiscoveryClient
